<?xml version="1.0" encoding="UTF-8"?>
<testsuite xmlns:xsi="http://www.w3.org/2001/XMLSchema-instance" xsi:noNamespaceSchemaLocation="https://maven.apache.org/surefire/maven-surefire-plugin/xsd/surefire-test-report.xsd" name="user should add data" time="67.225" tests="5" errors="0" skipped="0" failures="0">
  <properties>
[...]
</properties>
  <testcase name="data tables 1" classname="user should add data" time="45.634"/>
  <testcase name="data tables 1" classname="user should add data" time="5.241"/>
  <testcase name="data tables 1" classname="user should add data" time="5.596"/>
  <testcase name="data tables 1" classname="user should add data" time="4.537"/>
  <testcase name="data tables 1" classname="user should add data" time="6.214"/>
</testsuite>